{"C:\\git\\Brewery-Review-Service\\src\\config\\config.ts": {"path":"C:\\git\\Brewery-Review-Service\\src\\config\\config.ts","statementMap":{"0":{"start":{"line":1,"column":0},"end":{"line":1,"column":33}},"1":{"start":{"line":3,"column":0},"end":{"line":7,"column":3}},"2":{"start":{"line":9,"column":20},"end":{"line":9,"column":57}},"3":{"start":{"line":10,"column":24},"end":{"line":10,"column":78}},"4":{"start":{"line":11,"column":13},"end":{"line":11,"column":39}},"5":{"start":{"line":12,"column":19},"end":{"line":12,"column":47}},"6":{"start":{"line":21,"column":13},"end":{"line":26,"column":2}}},"fnMap":{},"branchMap":{"0":{"loc":{"start":{"line":5,"column":15},"end":{"line":5,"column":46}},"type":"binary-expr","locations":[{"start":{"line":5,"column":15},"end":{"line":5,"column":35}},{"start":{"line":5,"column":39},"end":{"line":5,"column":46}}]},"1":{"loc":{"start":{"line":9,"column":20},"end":{"line":9,"column":57}},"type":"binary-expr","locations":[{"start":{"line":9,"column":20},"end":{"line":9,"column":40}},{"start":{"line":9,"column":44},"end":{"line":9,"column":57}}]},"2":{"loc":{"start":{"line":10,"column":24},"end":{"line":10,"column":78}},"type":"cond-expr","locations":[{"start":{"line":10,"column":51},"end":{"line":10,"column":55}},{"start":{"line":10,"column":55},"end":{"line":10,"column":78}}]},"3":{"loc":{"start":{"line":10,"column":24},"end":{"line":10,"column":55}},"type":"binary-expr","locations":[{"start":{"line":10,"column":24},"end":{"line":10,"column":55}},{"start":{"line":10,"column":51},"end":{"line":10,"column":55}}]},"4":{"loc":{"start":{"line":11,"column":13},"end":{"line":11,"column":39}},"type":"cond-expr","locations":[{"start":{"line":11,"column":29},"end":{"line":11,"column":33}},{"start":{"line":11,"column":33},"end":{"line":11,"column":39}}]},"5":{"loc":{"start":{"line":11,"column":13},"end":{"line":11,"column":33}},"type":"binary-expr","locations":[{"start":{"line":11,"column":13},"end":{"line":11,"column":33}},{"start":{"line":11,"column":29},"end":{"line":11,"column":33}}]},"6":{"loc":{"start":{"line":12,"column":19},"end":{"line":12,"column":47}},"type":"cond-expr","locations":[{"start":{"line":12,"column":41},"end":{"line":12,"column":45}},{"start":{"line":12,"column":45},"end":{"line":12,"column":47}}]},"7":{"loc":{"start":{"line":12,"column":19},"end":{"line":12,"column":45}},"type":"binary-expr","locations":[{"start":{"line":12,"column":19},"end":{"line":12,"column":45}},{"start":{"line":12,"column":41},"end":{"line":12,"column":45}}]}},"s":{"0":4,"1":4,"2":4,"3":4,"4":4,"5":4,"6":4},"f":{},"b":{"0":[4,1],"1":[4,1],"2":[2,2],"3":[4,4],"4":[2,2],"5":[4,4],"6":[2,2],"7":[4,4]}}
,"C:\\git\\Brewery-Review-Service\\src\\controllers\\reviewController.ts": {"path":"C:\\git\\Brewery-Review-Service\\src\\controllers\\reviewController.ts","statementMap":{"0":{"start":{"line":3,"column":0},"end":{"line":3,"column":26}},"1":{"start":{"line":4,"column":0},"end":{"line":4,"column":42}},"2":{"start":{"line":8,"column":18},"end":{"line":8,"column":55}},"3":{"start":{"line":15,"column":2},"end":{"line":46,"column":3}},"4":{"start":{"line":16,"column":26},"end":{"line":16,"column":55}},"5":{"start":{"line":17,"column":3},"end":{"line":20,"column":4}},"6":{"start":{"line":18,"column":4},"end":{"line":18,"column":54}},"7":{"start":{"line":19,"column":4},"end":{"line":19,"column":11}},"8":{"start":{"line":22,"column":3},"end":{"line":24,"column":5}},"9":{"start":{"line":26,"column":22},"end":{"line":31,"column":5}},"10":{"start":{"line":32,"column":20},"end":{"line":34,"column":null}},"11":{"start":{"line":36,"column":3},"end":{"line":36,"column":39}},"12":{"start":{"line":38,"column":3},"end":{"line":41,"column":5}},"13":{"start":{"line":42,"column":3},"end":{"line":45,"column":6}},"14":{"start":{"line":54,"column":2},"end":{"line":68,"column":3}},"15":{"start":{"line":55,"column":20},"end":{"line":56,"column":null}},"16":{"start":{"line":58,"column":3},"end":{"line":58,"column":39}},"17":{"start":{"line":60,"column":3},"end":{"line":63,"column":5}},"18":{"start":{"line":64,"column":3},"end":{"line":67,"column":6}},"19":{"start":{"line":76,"column":2},"end":{"line":111,"column":3}},"20":{"start":{"line":77,"column":26},"end":{"line":80,"column":59}},"21":{"start":{"line":81,"column":22},"end":{"line":81,"column":41}},"22":{"start":{"line":82,"column":3},"end":{"line":85,"column":4}},"23":{"start":{"line":83,"column":4},"end":{"line":83,"column":54}},"24":{"start":{"line":84,"column":4},"end":{"line":84,"column":11}},"25":{"start":{"line":86,"column":27},"end":{"line":90,"column":5}},"26":{"start":{"line":91,"column":3},"end":{"line":93,"column":4}},"27":{"start":{"line":92,"column":4},"end":{"line":92,"column":52}},"28":{"start":{"line":94,"column":3},"end":{"line":96,"column":4}},"29":{"start":{"line":95,"column":4},"end":{"line":95,"column":54}},"30":{"start":{"line":97,"column":20},"end":{"line":99,"column":null}},"31":{"start":{"line":101,"column":3},"end":{"line":101,"column":39}},"32":{"start":{"line":103,"column":3},"end":{"line":106,"column":5}},"33":{"start":{"line":107,"column":3},"end":{"line":110,"column":6}},"34":{"start":{"line":119,"column":2},"end":{"line":141,"column":3}},"35":{"start":{"line":120,"column":26},"end":{"line":121,"column":null}},"36":{"start":{"line":123,"column":22},"end":{"line":123,"column":41}},"37":{"start":{"line":124,"column":3},"end":{"line":127,"column":4}},"38":{"start":{"line":125,"column":4},"end":{"line":125,"column":54}},"39":{"start":{"line":126,"column":4},"end":{"line":126,"column":11}},"40":{"start":{"line":128,"column":3},"end":{"line":130,"column":5}},"41":{"start":{"line":131,"column":3},"end":{"line":131,"column":68}},"42":{"start":{"line":133,"column":3},"end":{"line":136,"column":5}},"43":{"start":{"line":137,"column":3},"end":{"line":140,"column":6}},"44":{"start":{"line":149,"column":2},"end":{"line":164,"column":3}},"45":{"start":{"line":150,"column":20},"end":{"line":151,"column":null}},"46":{"start":{"line":153,"column":3},"end":{"line":153,"column":39}},"47":{"start":{"line":155,"column":3},"end":{"line":158,"column":5}},"48":{"start":{"line":159,"column":3},"end":{"line":163,"column":6}},"49":{"start":{"line":172,"column":2},"end":{"line":187,"column":3}},"50":{"start":{"line":173,"column":20},"end":{"line":174,"column":null}},"51":{"start":{"line":176,"column":3},"end":{"line":176,"column":39}},"52":{"start":{"line":178,"column":3},"end":{"line":181,"column":5}},"53":{"start":{"line":182,"column":3},"end":{"line":186,"column":6}},"54":{"start":{"line":7,"column":0},"end":{"line":7,"column":13}}},"fnMap":{"0":{"name":"(anonymous_8)","decl":{"start":{"line":7,"column":0},"end":{"line":7,"column":13}},"loc":{"start":{"line":7,"column":0},"end":{"line":189,"column":1}}},"1":{"name":"(anonymous_9)","decl":{"start":{"line":10,"column":7},"end":{"line":10,"column":16}},"loc":{"start":{"line":13,"column":20},"end":{"line":47,"column":null}}},"2":{"name":"(anonymous_11)","decl":{"start":{"line":49,"column":7},"end":{"line":49,"column":20}},"loc":{"start":{"line":52,"column":20},"end":{"line":69,"column":null}}},"3":{"name":"(anonymous_13)","decl":{"start":{"line":71,"column":7},"end":{"line":71,"column":19}},"loc":{"start":{"line":74,"column":20},"end":{"line":112,"column":null}}},"4":{"name":"(anonymous_15)","decl":{"start":{"line":114,"column":7},"end":{"line":114,"column":19}},"loc":{"start":{"line":117,"column":20},"end":{"line":142,"column":null}}},"5":{"name":"(anonymous_17)","decl":{"start":{"line":144,"column":7},"end":{"line":144,"column":20}},"loc":{"start":{"line":147,"column":20},"end":{"line":165,"column":null}}},"6":{"name":"(anonymous_19)","decl":{"start":{"line":167,"column":7},"end":{"line":167,"column":26}},"loc":{"start":{"line":170,"column":20},"end":{"line":188,"column":null}}}},"branchMap":{"0":{"loc":{"start":{"line":17,"column":3},"end":{"line":20,"column":4}},"type":"if","locations":[{"start":{"line":17,"column":3},"end":{"line":20,"column":4}}]},"1":{"loc":{"start":{"line":17,"column":7},"end":{"line":17,"column":19}},"type":"cond-expr","locations":[{"start":{"line":17,"column":15},"end":{"line":17,"column":17}},{"start":{"line":17,"column":15},"end":{"line":17,"column":19}}]},"2":{"loc":{"start":{"line":17,"column":7},"end":{"line":17,"column":17}},"type":"binary-expr","locations":[{"start":{"line":17,"column":7},"end":{"line":17,"column":17}},{"start":{"line":17,"column":15},"end":{"line":17,"column":17}}]},"3":{"loc":{"start":{"line":40,"column":4},"end":{"line":40,"column":41}},"type":"binary-expr","locations":[{"start":{"line":40,"column":4},"end":{"line":40,"column":24}},{"start":{"line":40,"column":28},"end":{"line":40,"column":41}}]},"4":{"loc":{"start":{"line":40,"column":4},"end":{"line":40,"column":24}},"type":"cond-expr","locations":[{"start":{"line":40,"column":18},"end":{"line":40,"column":20}},{"start":{"line":40,"column":18},"end":{"line":40,"column":24}}]},"5":{"loc":{"start":{"line":40,"column":4},"end":{"line":40,"column":20}},"type":"binary-expr","locations":[{"start":{"line":40,"column":4},"end":{"line":40,"column":20}},{"start":{"line":40,"column":18},"end":{"line":40,"column":20}}]},"6":{"loc":{"start":{"line":42,"column":14},"end":{"line":42,"column":43}},"type":"binary-expr","locations":[{"start":{"line":42,"column":14},"end":{"line":42,"column":36}},{"start":{"line":42,"column":40},"end":{"line":42,"column":43}}]},"7":{"loc":{"start":{"line":42,"column":14},"end":{"line":42,"column":36}},"type":"cond-expr","locations":[{"start":{"line":42,"column":28},"end":{"line":42,"column":30}},{"start":{"line":42,"column":28},"end":{"line":42,"column":36}}]},"8":{"loc":{"start":{"line":42,"column":14},"end":{"line":42,"column":30}},"type":"binary-expr","locations":[{"start":{"line":42,"column":14},"end":{"line":42,"column":30}},{"start":{"line":42,"column":28},"end":{"line":42,"column":30}}]},"9":{"loc":{"start":{"line":43,"column":13},"end":{"line":43,"column":67}},"type":"binary-expr","locations":[{"start":{"line":43,"column":13},"end":{"line":43,"column":42}},{"start":{"line":43,"column":46},"end":{"line":43,"column":67}}]},"10":{"loc":{"start":{"line":43,"column":13},"end":{"line":43,"column":42}},"type":"cond-expr","locations":[{"start":{"line":43,"column":33},"end":{"line":43,"column":35}},{"start":{"line":43,"column":33},"end":{"line":43,"column":42}}]},"11":{"loc":{"start":{"line":43,"column":13},"end":{"line":43,"column":35}},"type":"binary-expr","locations":[{"start":{"line":43,"column":13},"end":{"line":43,"column":35}},{"start":{"line":43,"column":33},"end":{"line":43,"column":35}}]},"12":{"loc":{"start":{"line":43,"column":13},"end":{"line":43,"column":33}},"type":"cond-expr","locations":[{"start":{"line":43,"column":27},"end":{"line":43,"column":29}},{"start":{"line":43,"column":27},"end":{"line":43,"column":33}}]},"13":{"loc":{"start":{"line":43,"column":13},"end":{"line":43,"column":29}},"type":"binary-expr","locations":[{"start":{"line":43,"column":13},"end":{"line":43,"column":29}},{"start":{"line":43,"column":27},"end":{"line":43,"column":29}}]},"14":{"loc":{"start":{"line":44,"column":11},"end":{"line":44,"column":56}},"type":"binary-expr","locations":[{"start":{"line":44,"column":11},"end":{"line":44,"column":39}},{"start":{"line":44,"column":43},"end":{"line":44,"column":56}}]},"15":{"loc":{"start":{"line":44,"column":11},"end":{"line":44,"column":39}},"type":"cond-expr","locations":[{"start":{"line":44,"column":31},"end":{"line":44,"column":33}},{"start":{"line":44,"column":31},"end":{"line":44,"column":39}}]},"16":{"loc":{"start":{"line":44,"column":11},"end":{"line":44,"column":33}},"type":"binary-expr","locations":[{"start":{"line":44,"column":11},"end":{"line":44,"column":33}},{"start":{"line":44,"column":31},"end":{"line":44,"column":33}}]},"17":{"loc":{"start":{"line":44,"column":11},"end":{"line":44,"column":31}},"type":"cond-expr","locations":[{"start":{"line":44,"column":25},"end":{"line":44,"column":27}},{"start":{"line":44,"column":25},"end":{"line":44,"column":31}}]},"18":{"loc":{"start":{"line":44,"column":11},"end":{"line":44,"column":27}},"type":"binary-expr","locations":[{"start":{"line":44,"column":11},"end":{"line":44,"column":27}},{"start":{"line":44,"column":25},"end":{"line":44,"column":27}}]},"19":{"loc":{"start":{"line":62,"column":4},"end":{"line":62,"column":41}},"type":"binary-expr","locations":[{"start":{"line":62,"column":4},"end":{"line":62,"column":24}},{"start":{"line":62,"column":28},"end":{"line":62,"column":41}}]},"20":{"loc":{"start":{"line":62,"column":4},"end":{"line":62,"column":24}},"type":"cond-expr","locations":[{"start":{"line":62,"column":18},"end":{"line":62,"column":20}},{"start":{"line":62,"column":18},"end":{"line":62,"column":24}}]},"21":{"loc":{"start":{"line":62,"column":4},"end":{"line":62,"column":20}},"type":"binary-expr","locations":[{"start":{"line":62,"column":4},"end":{"line":62,"column":20}},{"start":{"line":62,"column":18},"end":{"line":62,"column":20}}]},"22":{"loc":{"start":{"line":64,"column":14},"end":{"line":64,"column":43}},"type":"binary-expr","locations":[{"start":{"line":64,"column":14},"end":{"line":64,"column":36}},{"start":{"line":64,"column":40},"end":{"line":64,"column":43}}]},"23":{"loc":{"start":{"line":64,"column":14},"end":{"line":64,"column":36}},"type":"cond-expr","locations":[{"start":{"line":64,"column":28},"end":{"line":64,"column":30}},{"start":{"line":64,"column":28},"end":{"line":64,"column":36}}]},"24":{"loc":{"start":{"line":64,"column":14},"end":{"line":64,"column":30}},"type":"binary-expr","locations":[{"start":{"line":64,"column":14},"end":{"line":64,"column":30}},{"start":{"line":64,"column":28},"end":{"line":64,"column":30}}]},"25":{"loc":{"start":{"line":65,"column":13},"end":{"line":65,"column":64}},"type":"binary-expr","locations":[{"start":{"line":65,"column":13},"end":{"line":65,"column":42}},{"start":{"line":65,"column":46},"end":{"line":65,"column":64}}]},"26":{"loc":{"start":{"line":65,"column":13},"end":{"line":65,"column":42}},"type":"cond-expr","locations":[{"start":{"line":65,"column":33},"end":{"line":65,"column":35}},{"start":{"line":65,"column":33},"end":{"line":65,"column":42}}]},"27":{"loc":{"start":{"line":65,"column":13},"end":{"line":65,"column":35}},"type":"binary-expr","locations":[{"start":{"line":65,"column":13},"end":{"line":65,"column":35}},{"start":{"line":65,"column":33},"end":{"line":65,"column":35}}]},"28":{"loc":{"start":{"line":65,"column":13},"end":{"line":65,"column":33}},"type":"cond-expr","locations":[{"start":{"line":65,"column":27},"end":{"line":65,"column":29}},{"start":{"line":65,"column":27},"end":{"line":65,"column":33}}]},"29":{"loc":{"start":{"line":65,"column":13},"end":{"line":65,"column":29}},"type":"binary-expr","locations":[{"start":{"line":65,"column":13},"end":{"line":65,"column":29}},{"start":{"line":65,"column":27},"end":{"line":65,"column":29}}]},"30":{"loc":{"start":{"line":66,"column":11},"end":{"line":66,"column":56}},"type":"binary-expr","locations":[{"start":{"line":66,"column":11},"end":{"line":66,"column":39}},{"start":{"line":66,"column":43},"end":{"line":66,"column":56}}]},"31":{"loc":{"start":{"line":66,"column":11},"end":{"line":66,"column":39}},"type":"cond-expr","locations":[{"start":{"line":66,"column":31},"end":{"line":66,"column":33}},{"start":{"line":66,"column":31},"end":{"line":66,"column":39}}]},"32":{"loc":{"start":{"line":66,"column":11},"end":{"line":66,"column":33}},"type":"binary-expr","locations":[{"start":{"line":66,"column":11},"end":{"line":66,"column":33}},{"start":{"line":66,"column":31},"end":{"line":66,"column":33}}]},"33":{"loc":{"start":{"line":66,"column":11},"end":{"line":66,"column":31}},"type":"cond-expr","locations":[{"start":{"line":66,"column":25},"end":{"line":66,"column":27}},{"start":{"line":66,"column":25},"end":{"line":66,"column":31}}]},"34":{"loc":{"start":{"line":66,"column":11},"end":{"line":66,"column":27}},"type":"binary-expr","locations":[{"start":{"line":66,"column":11},"end":{"line":66,"column":27}},{"start":{"line":66,"column":25},"end":{"line":66,"column":27}}]},"35":{"loc":{"start":{"line":82,"column":3},"end":{"line":85,"column":4}},"type":"if","locations":[{"start":{"line":82,"column":3},"end":{"line":85,"column":4}}]},"36":{"loc":{"start":{"line":82,"column":7},"end":{"line":82,"column":19}},"type":"cond-expr","locations":[{"start":{"line":82,"column":15},"end":{"line":82,"column":17}},{"start":{"line":82,"column":15},"end":{"line":82,"column":19}}]},"37":{"loc":{"start":{"line":82,"column":7},"end":{"line":82,"column":17}},"type":"binary-expr","locations":[{"start":{"line":82,"column":7},"end":{"line":82,"column":17}},{"start":{"line":82,"column":15},"end":{"line":82,"column":17}}]},"38":{"loc":{"start":{"line":91,"column":3},"end":{"line":93,"column":4}},"type":"if","locations":[{"start":{"line":91,"column":3},"end":{"line":93,"column":4}}]},"39":{"loc":{"start":{"line":94,"column":3},"end":{"line":96,"column":4}},"type":"if","locations":[{"start":{"line":94,"column":3},"end":{"line":96,"column":4}}]},"40":{"loc":{"start":{"line":105,"column":4},"end":{"line":105,"column":41}},"type":"binary-expr","locations":[{"start":{"line":105,"column":4},"end":{"line":105,"column":24}},{"start":{"line":105,"column":28},"end":{"line":105,"column":41}}]},"41":{"loc":{"start":{"line":105,"column":4},"end":{"line":105,"column":24}},"type":"cond-expr","locations":[{"start":{"line":105,"column":18},"end":{"line":105,"column":20}},{"start":{"line":105,"column":18},"end":{"line":105,"column":24}}]},"42":{"loc":{"start":{"line":105,"column":4},"end":{"line":105,"column":20}},"type":"binary-expr","locations":[{"start":{"line":105,"column":4},"end":{"line":105,"column":20}},{"start":{"line":105,"column":18},"end":{"line":105,"column":20}}]},"43":{"loc":{"start":{"line":107,"column":14},"end":{"line":107,"column":43}},"type":"binary-expr","locations":[{"start":{"line":107,"column":14},"end":{"line":107,"column":36}},{"start":{"line":107,"column":40},"end":{"line":107,"column":43}}]},"44":{"loc":{"start":{"line":107,"column":14},"end":{"line":107,"column":36}},"type":"cond-expr","locations":[{"start":{"line":107,"column":28},"end":{"line":107,"column":30}},{"start":{"line":107,"column":28},"end":{"line":107,"column":36}}]},"45":{"loc":{"start":{"line":107,"column":14},"end":{"line":107,"column":30}},"type":"binary-expr","locations":[{"start":{"line":107,"column":14},"end":{"line":107,"column":30}},{"start":{"line":107,"column":28},"end":{"line":107,"column":30}}]},"46":{"loc":{"start":{"line":108,"column":13},"end":{"line":108,"column":64}},"type":"binary-expr","locations":[{"start":{"line":108,"column":13},"end":{"line":108,"column":42}},{"start":{"line":108,"column":46},"end":{"line":108,"column":64}}]},"47":{"loc":{"start":{"line":108,"column":13},"end":{"line":108,"column":42}},"type":"cond-expr","locations":[{"start":{"line":108,"column":33},"end":{"line":108,"column":35}},{"start":{"line":108,"column":33},"end":{"line":108,"column":42}}]},"48":{"loc":{"start":{"line":108,"column":13},"end":{"line":108,"column":35}},"type":"binary-expr","locations":[{"start":{"line":108,"column":13},"end":{"line":108,"column":35}},{"start":{"line":108,"column":33},"end":{"line":108,"column":35}}]},"49":{"loc":{"start":{"line":108,"column":13},"end":{"line":108,"column":33}},"type":"cond-expr","locations":[{"start":{"line":108,"column":27},"end":{"line":108,"column":29}},{"start":{"line":108,"column":27},"end":{"line":108,"column":33}}]},"50":{"loc":{"start":{"line":108,"column":13},"end":{"line":108,"column":29}},"type":"binary-expr","locations":[{"start":{"line":108,"column":13},"end":{"line":108,"column":29}},{"start":{"line":108,"column":27},"end":{"line":108,"column":29}}]},"51":{"loc":{"start":{"line":109,"column":11},"end":{"line":109,"column":56}},"type":"binary-expr","locations":[{"start":{"line":109,"column":11},"end":{"line":109,"column":39}},{"start":{"line":109,"column":43},"end":{"line":109,"column":56}}]},"52":{"loc":{"start":{"line":109,"column":11},"end":{"line":109,"column":39}},"type":"cond-expr","locations":[{"start":{"line":109,"column":31},"end":{"line":109,"column":33}},{"start":{"line":109,"column":31},"end":{"line":109,"column":39}}]},"53":{"loc":{"start":{"line":109,"column":11},"end":{"line":109,"column":33}},"type":"binary-expr","locations":[{"start":{"line":109,"column":11},"end":{"line":109,"column":33}},{"start":{"line":109,"column":31},"end":{"line":109,"column":33}}]},"54":{"loc":{"start":{"line":109,"column":11},"end":{"line":109,"column":31}},"type":"cond-expr","locations":[{"start":{"line":109,"column":25},"end":{"line":109,"column":27}},{"start":{"line":109,"column":25},"end":{"line":109,"column":31}}]},"55":{"loc":{"start":{"line":109,"column":11},"end":{"line":109,"column":27}},"type":"binary-expr","locations":[{"start":{"line":109,"column":11},"end":{"line":109,"column":27}},{"start":{"line":109,"column":25},"end":{"line":109,"column":27}}]},"56":{"loc":{"start":{"line":124,"column":3},"end":{"line":127,"column":4}},"type":"if","locations":[{"start":{"line":124,"column":3},"end":{"line":127,"column":4}}]},"57":{"loc":{"start":{"line":124,"column":7},"end":{"line":124,"column":19}},"type":"cond-expr","locations":[{"start":{"line":124,"column":15},"end":{"line":124,"column":17}},{"start":{"line":124,"column":15},"end":{"line":124,"column":19}}]},"58":{"loc":{"start":{"line":124,"column":7},"end":{"line":124,"column":17}},"type":"binary-expr","locations":[{"start":{"line":124,"column":7},"end":{"line":124,"column":17}},{"start":{"line":124,"column":15},"end":{"line":124,"column":17}}]},"59":{"loc":{"start":{"line":135,"column":4},"end":{"line":135,"column":41}},"type":"binary-expr","locations":[{"start":{"line":135,"column":4},"end":{"line":135,"column":24}},{"start":{"line":135,"column":28},"end":{"line":135,"column":41}}]},"60":{"loc":{"start":{"line":135,"column":4},"end":{"line":135,"column":24}},"type":"cond-expr","locations":[{"start":{"line":135,"column":18},"end":{"line":135,"column":20}},{"start":{"line":135,"column":18},"end":{"line":135,"column":24}}]},"61":{"loc":{"start":{"line":135,"column":4},"end":{"line":135,"column":20}},"type":"binary-expr","locations":[{"start":{"line":135,"column":4},"end":{"line":135,"column":20}},{"start":{"line":135,"column":18},"end":{"line":135,"column":20}}]},"62":{"loc":{"start":{"line":137,"column":14},"end":{"line":137,"column":43}},"type":"binary-expr","locations":[{"start":{"line":137,"column":14},"end":{"line":137,"column":36}},{"start":{"line":137,"column":40},"end":{"line":137,"column":43}}]},"63":{"loc":{"start":{"line":137,"column":14},"end":{"line":137,"column":36}},"type":"cond-expr","locations":[{"start":{"line":137,"column":28},"end":{"line":137,"column":30}},{"start":{"line":137,"column":28},"end":{"line":137,"column":36}}]},"64":{"loc":{"start":{"line":137,"column":14},"end":{"line":137,"column":30}},"type":"binary-expr","locations":[{"start":{"line":137,"column":14},"end":{"line":137,"column":30}},{"start":{"line":137,"column":28},"end":{"line":137,"column":30}}]},"65":{"loc":{"start":{"line":138,"column":13},"end":{"line":138,"column":64}},"type":"binary-expr","locations":[{"start":{"line":138,"column":13},"end":{"line":138,"column":42}},{"start":{"line":138,"column":46},"end":{"line":138,"column":64}}]},"66":{"loc":{"start":{"line":138,"column":13},"end":{"line":138,"column":42}},"type":"cond-expr","locations":[{"start":{"line":138,"column":33},"end":{"line":138,"column":35}},{"start":{"line":138,"column":33},"end":{"line":138,"column":42}}]},"67":{"loc":{"start":{"line":138,"column":13},"end":{"line":138,"column":35}},"type":"binary-expr","locations":[{"start":{"line":138,"column":13},"end":{"line":138,"column":35}},{"start":{"line":138,"column":33},"end":{"line":138,"column":35}}]},"68":{"loc":{"start":{"line":138,"column":13},"end":{"line":138,"column":33}},"type":"cond-expr","locations":[{"start":{"line":138,"column":27},"end":{"line":138,"column":29}},{"start":{"line":138,"column":27},"end":{"line":138,"column":33}}]},"69":{"loc":{"start":{"line":138,"column":13},"end":{"line":138,"column":29}},"type":"binary-expr","locations":[{"start":{"line":138,"column":13},"end":{"line":138,"column":29}},{"start":{"line":138,"column":27},"end":{"line":138,"column":29}}]},"70":{"loc":{"start":{"line":139,"column":11},"end":{"line":139,"column":56}},"type":"binary-expr","locations":[{"start":{"line":139,"column":11},"end":{"line":139,"column":39}},{"start":{"line":139,"column":43},"end":{"line":139,"column":56}}]},"71":{"loc":{"start":{"line":139,"column":11},"end":{"line":139,"column":39}},"type":"cond-expr","locations":[{"start":{"line":139,"column":31},"end":{"line":139,"column":33}},{"start":{"line":139,"column":31},"end":{"line":139,"column":39}}]},"72":{"loc":{"start":{"line":139,"column":11},"end":{"line":139,"column":33}},"type":"binary-expr","locations":[{"start":{"line":139,"column":11},"end":{"line":139,"column":33}},{"start":{"line":139,"column":31},"end":{"line":139,"column":33}}]},"73":{"loc":{"start":{"line":139,"column":11},"end":{"line":139,"column":31}},"type":"cond-expr","locations":[{"start":{"line":139,"column":25},"end":{"line":139,"column":27}},{"start":{"line":139,"column":25},"end":{"line":139,"column":31}}]},"74":{"loc":{"start":{"line":139,"column":11},"end":{"line":139,"column":27}},"type":"binary-expr","locations":[{"start":{"line":139,"column":11},"end":{"line":139,"column":27}},{"start":{"line":139,"column":25},"end":{"line":139,"column":27}}]},"75":{"loc":{"start":{"line":157,"column":4},"end":{"line":157,"column":41}},"type":"binary-expr","locations":[{"start":{"line":157,"column":4},"end":{"line":157,"column":24}},{"start":{"line":157,"column":28},"end":{"line":157,"column":41}}]},"76":{"loc":{"start":{"line":157,"column":4},"end":{"line":157,"column":24}},"type":"cond-expr","locations":[{"start":{"line":157,"column":18},"end":{"line":157,"column":20}},{"start":{"line":157,"column":18},"end":{"line":157,"column":24}}]},"77":{"loc":{"start":{"line":157,"column":4},"end":{"line":157,"column":20}},"type":"binary-expr","locations":[{"start":{"line":157,"column":4},"end":{"line":157,"column":20}},{"start":{"line":157,"column":18},"end":{"line":157,"column":20}}]},"78":{"loc":{"start":{"line":159,"column":14},"end":{"line":159,"column":43}},"type":"binary-expr","locations":[{"start":{"line":159,"column":14},"end":{"line":159,"column":36}},{"start":{"line":159,"column":40},"end":{"line":159,"column":43}}]},"79":{"loc":{"start":{"line":159,"column":14},"end":{"line":159,"column":36}},"type":"cond-expr","locations":[{"start":{"line":159,"column":28},"end":{"line":159,"column":30}},{"start":{"line":159,"column":28},"end":{"line":159,"column":36}}]},"80":{"loc":{"start":{"line":159,"column":14},"end":{"line":159,"column":30}},"type":"binary-expr","locations":[{"start":{"line":159,"column":14},"end":{"line":159,"column":30}},{"start":{"line":159,"column":28},"end":{"line":159,"column":30}}]},"81":{"loc":{"start":{"line":161,"column":5},"end":{"line":161,"column":62}},"type":"binary-expr","locations":[{"start":{"line":161,"column":5},"end":{"line":161,"column":34}},{"start":{"line":161,"column":38},"end":{"line":161,"column":62}}]},"82":{"loc":{"start":{"line":161,"column":5},"end":{"line":161,"column":34}},"type":"cond-expr","locations":[{"start":{"line":161,"column":25},"end":{"line":161,"column":27}},{"start":{"line":161,"column":25},"end":{"line":161,"column":34}}]},"83":{"loc":{"start":{"line":161,"column":5},"end":{"line":161,"column":27}},"type":"binary-expr","locations":[{"start":{"line":161,"column":5},"end":{"line":161,"column":27}},{"start":{"line":161,"column":25},"end":{"line":161,"column":27}}]},"84":{"loc":{"start":{"line":161,"column":5},"end":{"line":161,"column":25}},"type":"cond-expr","locations":[{"start":{"line":161,"column":19},"end":{"line":161,"column":21}},{"start":{"line":161,"column":19},"end":{"line":161,"column":25}}]},"85":{"loc":{"start":{"line":161,"column":5},"end":{"line":161,"column":21}},"type":"binary-expr","locations":[{"start":{"line":161,"column":5},"end":{"line":161,"column":21}},{"start":{"line":161,"column":19},"end":{"line":161,"column":21}}]},"86":{"loc":{"start":{"line":162,"column":11},"end":{"line":162,"column":56}},"type":"binary-expr","locations":[{"start":{"line":162,"column":11},"end":{"line":162,"column":39}},{"start":{"line":162,"column":43},"end":{"line":162,"column":56}}]},"87":{"loc":{"start":{"line":162,"column":11},"end":{"line":162,"column":39}},"type":"cond-expr","locations":[{"start":{"line":162,"column":31},"end":{"line":162,"column":33}},{"start":{"line":162,"column":31},"end":{"line":162,"column":39}}]},"88":{"loc":{"start":{"line":162,"column":11},"end":{"line":162,"column":33}},"type":"binary-expr","locations":[{"start":{"line":162,"column":11},"end":{"line":162,"column":33}},{"start":{"line":162,"column":31},"end":{"line":162,"column":33}}]},"89":{"loc":{"start":{"line":162,"column":11},"end":{"line":162,"column":31}},"type":"cond-expr","locations":[{"start":{"line":162,"column":25},"end":{"line":162,"column":27}},{"start":{"line":162,"column":25},"end":{"line":162,"column":31}}]},"90":{"loc":{"start":{"line":162,"column":11},"end":{"line":162,"column":27}},"type":"binary-expr","locations":[{"start":{"line":162,"column":11},"end":{"line":162,"column":27}},{"start":{"line":162,"column":25},"end":{"line":162,"column":27}}]},"91":{"loc":{"start":{"line":180,"column":4},"end":{"line":180,"column":41}},"type":"binary-expr","locations":[{"start":{"line":180,"column":4},"end":{"line":180,"column":24}},{"start":{"line":180,"column":28},"end":{"line":180,"column":41}}]},"92":{"loc":{"start":{"line":180,"column":4},"end":{"line":180,"column":24}},"type":"cond-expr","locations":[{"start":{"line":180,"column":18},"end":{"line":180,"column":20}},{"start":{"line":180,"column":18},"end":{"line":180,"column":24}}]},"93":{"loc":{"start":{"line":180,"column":4},"end":{"line":180,"column":20}},"type":"binary-expr","locations":[{"start":{"line":180,"column":4},"end":{"line":180,"column":20}},{"start":{"line":180,"column":18},"end":{"line":180,"column":20}}]},"94":{"loc":{"start":{"line":182,"column":14},"end":{"line":182,"column":43}},"type":"binary-expr","locations":[{"start":{"line":182,"column":14},"end":{"line":182,"column":36}},{"start":{"line":182,"column":40},"end":{"line":182,"column":43}}]},"95":{"loc":{"start":{"line":182,"column":14},"end":{"line":182,"column":36}},"type":"cond-expr","locations":[{"start":{"line":182,"column":28},"end":{"line":182,"column":30}},{"start":{"line":182,"column":28},"end":{"line":182,"column":36}}]},"96":{"loc":{"start":{"line":182,"column":14},"end":{"line":182,"column":30}},"type":"binary-expr","locations":[{"start":{"line":182,"column":14},"end":{"line":182,"column":30}},{"start":{"line":182,"column":28},"end":{"line":182,"column":30}}]},"97":{"loc":{"start":{"line":184,"column":5},"end":{"line":184,"column":62}},"type":"binary-expr","locations":[{"start":{"line":184,"column":5},"end":{"line":184,"column":34}},{"start":{"line":184,"column":38},"end":{"line":184,"column":62}}]},"98":{"loc":{"start":{"line":184,"column":5},"end":{"line":184,"column":34}},"type":"cond-expr","locations":[{"start":{"line":184,"column":25},"end":{"line":184,"column":27}},{"start":{"line":184,"column":25},"end":{"line":184,"column":34}}]},"99":{"loc":{"start":{"line":184,"column":5},"end":{"line":184,"column":27}},"type":"binary-expr","locations":[{"start":{"line":184,"column":5},"end":{"line":184,"column":27}},{"start":{"line":184,"column":25},"end":{"line":184,"column":27}}]},"100":{"loc":{"start":{"line":184,"column":5},"end":{"line":184,"column":25}},"type":"cond-expr","locations":[{"start":{"line":184,"column":19},"end":{"line":184,"column":21}},{"start":{"line":184,"column":19},"end":{"line":184,"column":25}}]},"101":{"loc":{"start":{"line":184,"column":5},"end":{"line":184,"column":21}},"type":"binary-expr","locations":[{"start":{"line":184,"column":5},"end":{"line":184,"column":21}},{"start":{"line":184,"column":19},"end":{"line":184,"column":21}}]},"102":{"loc":{"start":{"line":185,"column":11},"end":{"line":185,"column":56}},"type":"binary-expr","locations":[{"start":{"line":185,"column":11},"end":{"line":185,"column":39}},{"start":{"line":185,"column":43},"end":{"line":185,"column":56}}]},"103":{"loc":{"start":{"line":185,"column":11},"end":{"line":185,"column":39}},"type":"cond-expr","locations":[{"start":{"line":185,"column":31},"end":{"line":185,"column":33}},{"start":{"line":185,"column":31},"end":{"line":185,"column":39}}]},"104":{"loc":{"start":{"line":185,"column":11},"end":{"line":185,"column":33}},"type":"binary-expr","locations":[{"start":{"line":185,"column":11},"end":{"line":185,"column":33}},{"start":{"line":185,"column":31},"end":{"line":185,"column":33}}]},"105":{"loc":{"start":{"line":185,"column":11},"end":{"line":185,"column":31}},"type":"cond-expr","locations":[{"start":{"line":185,"column":25},"end":{"line":185,"column":27}},{"start":{"line":185,"column":25},"end":{"line":185,"column":31}}]},"106":{"loc":{"start":{"line":185,"column":11},"end":{"line":185,"column":27}},"type":"binary-expr","locations":[{"start":{"line":185,"column":11},"end":{"line":185,"column":27}},{"start":{"line":185,"column":25},"end":{"line":185,"column":27}}]}},"s":{"0":1,"1":1,"2":24,"3":6,"4":6,"5":6,"6":2,"7":2,"8":4,"9":2,"10":2,"11":1,"12":3,"13":3,"14":2,"15":2,"16":1,"17":1,"18":1,"19":8,"20":8,"21":7,"22":7,"23":2,"24":2,"25":5,"26":5,"27":3,"28":5,"29":2,"30":5,"31":4,"32":2,"33":2,"34":4,"35":4,"36":3,"37":3,"38":2,"39":2,"40":1,"41":1,"42":1,"43":1,"44":2,"45":2,"46":1,"47":1,"48":1,"49":2,"50":2,"51":1,"52":1,"53":1,"54":1},"f":{"0":24,"1":6,"2":2,"3":8,"4":4,"5":2,"6":2},"b":{"0":[2],"1":[1,5],"2":[6,6],"3":[3,1],"4":[1,2],"5":[3,3],"6":[3,1],"7":[1,2],"8":[3,3],"9":[3,1],"10":[1,2],"11":[3,3],"12":[1,2],"13":[3,3],"14":[3,3],"15":[1,2],"16":[3,3],"17":[1,2],"18":[3,3],"19":[1,0],"20":[0,1],"21":[1,1],"22":[1,0],"23":[0,1],"24":[1,1],"25":[1,0],"26":[0,1],"27":[1,1],"28":[0,1],"29":[1,1],"30":[1,1],"31":[0,1],"32":[1,1],"33":[0,1],"34":[1,1],"35":[2],"36":[1,6],"37":[7,7],"38":[3],"39":[2],"40":[2,0],"41":[0,2],"42":[2,2],"43":[2,0],"44":[0,2],"45":[2,2],"46":[2,0],"47":[0,2],"48":[2,2],"49":[0,2],"50":[2,2],"51":[2,2],"52":[0,2],"53":[2,2],"54":[0,2],"55":[2,2],"56":[2],"57":[1,2],"58":[3,3],"59":[1,0],"60":[0,1],"61":[1,1],"62":[1,0],"63":[0,1],"64":[1,1],"65":[1,0],"66":[0,1],"67":[1,1],"68":[0,1],"69":[1,1],"70":[1,1],"71":[0,1],"72":[1,1],"73":[0,1],"74":[1,1],"75":[1,0],"76":[0,1],"77":[1,1],"78":[1,0],"79":[0,1],"80":[1,1],"81":[1,0],"82":[0,1],"83":[1,1],"84":[0,1],"85":[1,1],"86":[1,1],"87":[0,1],"88":[1,1],"89":[0,1],"90":[1,1],"91":[1,0],"92":[0,1],"93":[1,1],"94":[1,0],"95":[0,1],"96":[1,1],"97":[1,0],"98":[0,1],"99":[1,1],"100":[0,1],"101":[1,1],"102":[1,1],"103":[0,1],"104":[1,1],"105":[0,1],"106":[1,1]}}
}
