TN:
SF:src\config\config.ts
FNF:0
FNH:0
DA:1,4
DA:3,4
DA:9,4
DA:10,4
DA:11,4
DA:12,4
DA:21,4
LF:7
LH:7
BRDA:5,0,0,4
BRDA:5,0,1,1
BRDA:9,1,0,4
BRDA:9,1,1,1
BRDA:10,2,0,2
BRDA:10,2,1,2
BRDA:10,3,0,4
BRDA:10,3,1,4
BRDA:11,4,0,2
BRDA:11,4,1,2
BRDA:11,5,0,4
BRDA:11,5,1,4
BRDA:12,6,0,2
BRDA:12,6,1,2
BRDA:12,7,0,4
BRDA:12,7,1,4
BRF:16
BRH:16
end_of_record
TN:
SF:src\controllers\reviewController.ts
FN:7,(anonymous_8)
FN:10,(anonymous_9)
FN:49,(anonymous_11)
FN:71,(anonymous_13)
FN:114,(anonymous_15)
FN:144,(anonymous_17)
FN:167,(anonymous_19)
FNF:7
FNH:7
FNDA:24,(anonymous_8)
FNDA:6,(anonymous_9)
FNDA:2,(anonymous_11)
FNDA:8,(anonymous_13)
FNDA:4,(anonymous_15)
FNDA:2,(anonymous_17)
FNDA:2,(anonymous_19)
DA:3,1
DA:4,1
DA:7,1
DA:8,24
DA:15,6
DA:16,6
DA:17,6
DA:18,2
DA:19,2
DA:22,4
DA:26,2
DA:32,2
DA:36,1
DA:38,3
DA:42,3
DA:54,2
DA:55,2
DA:58,1
DA:60,1
DA:64,1
DA:76,8
DA:77,8
DA:81,7
DA:82,7
DA:83,2
DA:84,2
DA:86,5
DA:91,5
DA:92,3
DA:94,5
DA:95,2
DA:97,5
DA:101,4
DA:103,2
DA:107,2
DA:119,4
DA:120,4
DA:123,3
DA:124,3
DA:125,2
DA:126,2
DA:128,1
DA:131,1
DA:133,1
DA:137,1
DA:149,2
DA:150,2
DA:153,1
DA:155,1
DA:159,1
DA:172,2
DA:173,2
DA:176,1
DA:178,1
DA:182,1
LF:55
LH:55
BRDA:17,0,0,2
BRDA:17,1,0,1
BRDA:17,1,1,5
BRDA:17,2,0,6
BRDA:17,2,1,6
BRDA:40,3,0,3
BRDA:40,3,1,1
BRDA:40,4,0,1
BRDA:40,4,1,2
BRDA:40,5,0,3
BRDA:40,5,1,3
BRDA:42,6,0,3
BRDA:42,6,1,1
BRDA:42,7,0,1
BRDA:42,7,1,2
BRDA:42,8,0,3
BRDA:42,8,1,3
BRDA:43,9,0,3
BRDA:43,9,1,1
BRDA:43,10,0,1
BRDA:43,10,1,2
BRDA:43,11,0,3
BRDA:43,11,1,3
BRDA:43,12,0,1
BRDA:43,12,1,2
BRDA:43,13,0,3
BRDA:43,13,1,3
BRDA:44,14,0,3
BRDA:44,14,1,3
BRDA:44,15,0,1
BRDA:44,15,1,2
BRDA:44,16,0,3
BRDA:44,16,1,3
BRDA:44,17,0,1
BRDA:44,17,1,2
BRDA:44,18,0,3
BRDA:44,18,1,3
BRDA:62,19,0,1
BRDA:62,19,1,0
BRDA:62,20,0,0
BRDA:62,20,1,1
BRDA:62,21,0,1
BRDA:62,21,1,1
BRDA:64,22,0,1
BRDA:64,22,1,0
BRDA:64,23,0,0
BRDA:64,23,1,1
BRDA:64,24,0,1
BRDA:64,24,1,1
BRDA:65,25,0,1
BRDA:65,25,1,0
BRDA:65,26,0,0
BRDA:65,26,1,1
BRDA:65,27,0,1
BRDA:65,27,1,1
BRDA:65,28,0,0
BRDA:65,28,1,1
BRDA:65,29,0,1
BRDA:65,29,1,1
BRDA:66,30,0,1
BRDA:66,30,1,1
BRDA:66,31,0,0
BRDA:66,31,1,1
BRDA:66,32,0,1
BRDA:66,32,1,1
BRDA:66,33,0,0
BRDA:66,33,1,1
BRDA:66,34,0,1
BRDA:66,34,1,1
BRDA:82,35,0,2
BRDA:82,36,0,1
BRDA:82,36,1,6
BRDA:82,37,0,7
BRDA:82,37,1,7
BRDA:91,38,0,3
BRDA:94,39,0,2
BRDA:105,40,0,2
BRDA:105,40,1,0
BRDA:105,41,0,0
BRDA:105,41,1,2
BRDA:105,42,0,2
BRDA:105,42,1,2
BRDA:107,43,0,2
BRDA:107,43,1,0
BRDA:107,44,0,0
BRDA:107,44,1,2
BRDA:107,45,0,2
BRDA:107,45,1,2
BRDA:108,46,0,2
BRDA:108,46,1,0
BRDA:108,47,0,0
BRDA:108,47,1,2
BRDA:108,48,0,2
BRDA:108,48,1,2
BRDA:108,49,0,0
BRDA:108,49,1,2
BRDA:108,50,0,2
BRDA:108,50,1,2
BRDA:109,51,0,2
BRDA:109,51,1,2
BRDA:109,52,0,0
BRDA:109,52,1,2
BRDA:109,53,0,2
BRDA:109,53,1,2
BRDA:109,54,0,0
BRDA:109,54,1,2
BRDA:109,55,0,2
BRDA:109,55,1,2
BRDA:124,56,0,2
BRDA:124,57,0,1
BRDA:124,57,1,2
BRDA:124,58,0,3
BRDA:124,58,1,3
BRDA:135,59,0,1
BRDA:135,59,1,0
BRDA:135,60,0,0
BRDA:135,60,1,1
BRDA:135,61,0,1
BRDA:135,61,1,1
BRDA:137,62,0,1
BRDA:137,62,1,0
BRDA:137,63,0,0
BRDA:137,63,1,1
BRDA:137,64,0,1
BRDA:137,64,1,1
BRDA:138,65,0,1
BRDA:138,65,1,0
BRDA:138,66,0,0
BRDA:138,66,1,1
BRDA:138,67,0,1
BRDA:138,67,1,1
BRDA:138,68,0,0
BRDA:138,68,1,1
BRDA:138,69,0,1
BRDA:138,69,1,1
BRDA:139,70,0,1
BRDA:139,70,1,1
BRDA:139,71,0,0
BRDA:139,71,1,1
BRDA:139,72,0,1
BRDA:139,72,1,1
BRDA:139,73,0,0
BRDA:139,73,1,1
BRDA:139,74,0,1
BRDA:139,74,1,1
BRDA:157,75,0,1
BRDA:157,75,1,0
BRDA:157,76,0,0
BRDA:157,76,1,1
BRDA:157,77,0,1
BRDA:157,77,1,1
BRDA:159,78,0,1
BRDA:159,78,1,0
BRDA:159,79,0,0
BRDA:159,79,1,1
BRDA:159,80,0,1
BRDA:159,80,1,1
BRDA:161,81,0,1
BRDA:161,81,1,0
BRDA:161,82,0,0
BRDA:161,82,1,1
BRDA:161,83,0,1
BRDA:161,83,1,1
BRDA:161,84,0,0
BRDA:161,84,1,1
BRDA:161,85,0,1
BRDA:161,85,1,1
BRDA:162,86,0,1
BRDA:162,86,1,1
BRDA:162,87,0,0
BRDA:162,87,1,1
BRDA:162,88,0,1
BRDA:162,88,1,1
BRDA:162,89,0,0
BRDA:162,89,1,1
BRDA:162,90,0,1
BRDA:162,90,1,1
BRDA:180,91,0,1
BRDA:180,91,1,0
BRDA:180,92,0,0
BRDA:180,92,1,1
BRDA:180,93,0,1
BRDA:180,93,1,1
BRDA:182,94,0,1
BRDA:182,94,1,0
BRDA:182,95,0,0
BRDA:182,95,1,1
BRDA:182,96,0,1
BRDA:182,96,1,1
BRDA:184,97,0,1
BRDA:184,97,1,0
BRDA:184,98,0,0
BRDA:184,98,1,1
BRDA:184,99,0,1
BRDA:184,99,1,1
BRDA:184,100,0,0
BRDA:184,100,1,1
BRDA:184,101,0,1
BRDA:184,101,1,1
BRDA:185,102,0,1
BRDA:185,102,1,1
BRDA:185,103,0,0
BRDA:185,103,1,1
BRDA:185,104,0,1
BRDA:185,104,1,1
BRDA:185,105,0,0
BRDA:185,105,1,1
BRDA:185,106,0,1
BRDA:185,106,1,1
BRF:209
BRH:164
end_of_record
